\BOOKMARK [1][-]{section.1}{\376\377\000I\000n\000t\000r\000o\000d\000u\000c\000t\000i\000o\000n}{}% 1
\BOOKMARK [2][-]{subsection.1.1}{\376\377\000T\000h\000e\000\040\000d\000a\000t\000a}{section.1}% 2
\BOOKMARK [3][-]{subsubsection.1.1.1}{\376\377\000S\000I\000R\000H}{subsection.1.1}% 3
\BOOKMARK [3][-]{subsubsection.1.1.2}{\376\377\000A\000R\000I\000M\000A}{subsection.1.1}% 4
\BOOKMARK [3][-]{subsubsection.1.1.3}{\376\377\000M\000o\000v\000i\000n\000g\000\040\000A\000v\000e\000r\000a\000g\000e}{subsection.1.1}% 5
\BOOKMARK [3][-]{subsubsection.1.1.4}{\376\377\000E\000x\000p\000o\000n\000e\000n\000t\000i\000a\000l\000\040\000r\000e\000g\000r\000e\000s\000s\000i\000o\000n}{subsection.1.1}% 6
\BOOKMARK [3][-]{subsubsection.1.1.5}{\376\377\000R\000e\000g\000r\000e\000s\000s\000o\000r\000s}{subsection.1.1}% 7
\BOOKMARK [2][-]{subsection.1.2}{\376\377\000T\000h\000e\000\040\000E\000n\000s\000e\000m\000b\000l\000e\000\040\000m\000o\000d\000e\000l}{section.1}% 8
\BOOKMARK [1][-]{section.2}{\376\377\000M\000e\000t\000h\000o\000d\000s}{}% 9
\BOOKMARK [2][-]{subsubsection.2.0.1}{\376\377\000C\000o\000v\000a\000s\000i\000m}{section.2}% 10
\BOOKMARK [3][-]{subsubsection.2.0.2}{\376\377\000F\000i\000r\000s\000t\000\040\000p\000a\000n\000d\000e\000m\000i\000c\000s}{subsubsection.2.0.1}% 11
\BOOKMARK [3][-]{subsubsection.2.0.3}{\376\377\000G\000e\000n\000e\000r\000a\000t\000i\000n\000g\000\040\000d\000i\000v\000e\000r\000s\000e\000\040\000p\000a\000n\000d\000e\000m\000i\000c\000s}{subsubsection.2.0.1}% 12
\BOOKMARK [2][-]{subsection.2.1}{\376\377\000T\000h\000e\000\040\000m\000o\000d\000e\000l\000s}{section.2}% 13
\BOOKMARK [3][-]{subsubsection.2.1.1}{\376\377\000T\000h\000e\000\040\000S\000I\000R\000H\000\040\000m\000o\000d\000e\000l}{subsection.2.1}% 14
\BOOKMARK [3][-]{subsubsection.2.1.2}{\376\377\000A\000R\000I\000M\000A\000\040\000a\000n\000d\000\040\000V\000A\000R\000\040\000m\000o\000d\000e\000l\000s}{subsection.2.1}% 15
\BOOKMARK [3][-]{subsubsection.2.1.3}{\376\377\000T\000h\000e\000\040\000m\000o\000v\000i\000n\000g\000\040\000a\000v\000e\000r\000a\000g\000e\000\040\000m\000o\000d\000e\000l}{subsection.2.1}% 16
\BOOKMARK [3][-]{subsubsection.2.1.4}{\376\377\000E\000x\000p\000o\000n\000e\000n\000t\000i\000a\000l\000\040\000r\000e\000g\000r\000e\000s\000s\000i\000o\000n}{subsection.2.1}% 17
\BOOKMARK [3][-]{subsubsection.2.1.5}{\376\377\000M\000a\000c\000h\000i\000n\000e\000\040\000l\000e\000a\000r\000n\000i\000n\000g\000\040\000m\000o\000d\000e\000l\000s}{subsection.2.1}% 18
\BOOKMARK [3][-]{subsubsection.2.1.6}{\376\377\000E\000n\000s\000e\000m\000b\000l\000e\000\040\000m\000o\000d\000e\000l}{subsection.2.1}% 19
\BOOKMARK [3][-]{subsubsection.2.1.7}{\376\377\000C\000o\000m\000p\000u\000t\000i\000n\000g\000\040\000c\000o\000n\000f\000i\000d\000e\000n\000c\000e\000\040\000i\000n\000t\000e\000r\000v\000a\000l\000s\000\040\000o\000n\000\040\000t\000h\000e\000\040\000p\000r\000e\000d\000i\000c\000t\000i\000o\000n}{subsection.2.1}% 20
\BOOKMARK [2][-]{subsection.2.2}{\376\377\000P\000o\000i\000n\000t\000\040\000c\000l\000a\000s\000s\000i\000f\000i\000c\000a\000t\000i\000o\000n}{section.2}% 21
