\BOOKMARK [1][-]{section.0.1}{\376\377\000I\000n\000t\000r\000o\000d\000u\000c\000t\000i\000o\000n}{}% 1
\BOOKMARK [1][-]{section.0.2}{\376\377\000L\000i\000t\000e\000r\000a\000t\000u\000r\000e\000\040\000r\000e\000v\000i\000e\000w\000\040\000a\000n\000d\000\040\000c\000o\000n\000t\000e\000x\000t}{}% 2
\BOOKMARK [2][-]{subsection.0.2.1}{\376\377\000L\000i\000t\000e\000r\000a\000t\000u\000r\000e\000\040\000r\000e\000v\000i\000e\000w}{section.0.2}% 3
\BOOKMARK [2][-]{subsection.0.2.2}{\376\377\000c\000o\000n\000t\000e\000x\000t}{section.0.2}% 4
\BOOKMARK [1][-]{section.0.3}{\376\377\000G\000e\000n\000e\000r\000a\000t\000i\000n\000g\000\040\000d\000i\000v\000e\000r\000s\000e\000\040\000p\000a\000n\000d\000e\000m\000i\000c\000s}{}% 5
\BOOKMARK [2][-]{subsection.0.3.1}{\376\377\000C\000o\000v\000a\000s\000i\000m}{section.0.3}% 6
\BOOKMARK [2][-]{subsection.0.3.2}{\376\377\000F\000i\000r\000s\000t\000\040\000p\000a\000n\000d\000e\000m\000i\000c\000s}{section.0.3}% 7
\BOOKMARK [2][-]{subsection.0.3.3}{\376\377\000G\000e\000n\000e\000r\000a\000t\000i\000n\000g\000\040\000d\000i\000v\000e\000r\000s\000e\000\040\000p\000a\000n\000d\000e\000m\000i\000c\000s}{section.0.3}% 8
\BOOKMARK [1][-]{section.0.4}{\376\377\000M\000o\000d\000e\000l\000s}{}% 9
\BOOKMARK [2][-]{subsection.0.4.1}{\376\377\000T\000h\000e\000\040\000S\000I\000R\000H\000\040\000m\000o\000d\000e\000l}{section.0.4}% 10
\BOOKMARK [2][-]{subsection.0.4.2}{\376\377\000A\000R\000I\000M\000A\000\040\000a\000n\000d\000\040\000V\000A\000R\000\040\000m\000o\000d\000e\000l\000s}{section.0.4}% 11
\BOOKMARK [2][-]{subsection.0.4.3}{\376\377\000T\000h\000e\000\040\000m\000o\000v\000i\000n\000g\000\040\000a\000v\000e\000r\000a\000g\000e\000\040\000m\000o\000d\000e\000l}{section.0.4}% 12
\BOOKMARK [2][-]{subsection.0.4.4}{\376\377\000E\000x\000p\000o\000n\000e\000n\000t\000i\000a\000l\000\040\000r\000e\000g\000r\000e\000s\000s\000i\000o\000n}{section.0.4}% 13
\BOOKMARK [2][-]{subsection.0.4.5}{\376\377\000M\000a\000c\000h\000i\000n\000e\000\040\000l\000e\000a\000r\000n\000i\000n\000g\000\040\000m\000o\000d\000e\000l\000s}{section.0.4}% 14
\BOOKMARK [2][-]{subsection.0.4.6}{\376\377\000E\000n\000s\000e\000m\000b\000l\000e\000\040\000m\000o\000d\000e\000l}{section.0.4}% 15
\BOOKMARK [2][-]{subsection.0.4.7}{\376\377\000C\000o\000m\000p\000u\000t\000i\000n\000g\000\040\000c\000o\000n\000f\000i\000d\000e\000n\000c\000e\000\040\000i\000n\000t\000e\000r\000v\000a\000l\000s\000\040\000o\000n\000\040\000t\000h\000e\000\040\000p\000r\000e\000d\000i\000c\000t\000i\000o\000n}{section.0.4}% 16
\BOOKMARK [1][-]{section.0.5}{\376\377\000R\000e\000s\000u\000l\000t\000s\000\040\000a\000n\000d\000\040\000d\000i\000s\000c\000u\000s\000s\000i\000o\000n}{}% 17
\BOOKMARK [2][-]{subsection.0.5.1}{\376\377\000P\000o\000i\000n\000t\000\040\000c\000l\000a\000s\000s\000i\000f\000i\000c\000a\000t\000i\000o\000n}{section.0.5}% 18
\BOOKMARK [2][-]{subsection.0.5.2}{\376\377\000E\000v\000a\000l\000u\000a\000t\000i\000o\000n\000\040\000o\000f\000\040\000t\000h\000e\000\040\000m\000o\000d\000e\000l\000s}{section.0.5}% 19
\BOOKMARK [2][-]{subsection.0.5.3}{\376\377\000T\000h\000e\000\040\000E\000n\000s\000e\000m\000b\000l\000e\000\040\000m\000o\000d\000e\000l}{section.0.5}% 20
\BOOKMARK [2][-]{subsection.0.5.4}{\376\377\000S\000u\000m\000m\000a\000r\000y\000\040\000o\000f\000\040\000K\000e\000y\000\040\000F\000i\000n\000d\000i\000n\000g\000s}{section.0.5}% 21
\BOOKMARK [2][-]{subsection.0.5.5}{\376\377\000C\000o\000m\000p\000a\000r\000i\000s\000o\000n\000\040\000w\000i\000t\000h\000\040\000P\000r\000e\000v\000i\000o\000u\000s\000\040\000R\000e\000s\000e\000a\000r\000c\000h}{section.0.5}% 22
\BOOKMARK [2][-]{subsection.0.5.6}{\376\377\000P\000r\000a\000c\000t\000i\000c\000a\000l\000\040\000I\000m\000p\000l\000i\000c\000a\000t\000i\000o\000n\000s}{section.0.5}% 23
\BOOKMARK [2][-]{subsection.0.5.7}{\376\377\000L\000i\000m\000i\000t\000a\000t\000i\000o\000n\000s}{section.0.5}% 24
\BOOKMARK [1][-]{section.0.6}{\376\377\000A\000p\000p\000e\000n\000d\000i\000x}{}% 25
